<?xml version="1.0" encoding="UTF-8"?>
<!-- Generated by org.testng.reporters.JUnitXMLReporter -->
<testsuite ignored="0" hostname="DESKTOP-9LN3PKI" failures="0" tests="2" name="Default test" time="0.664" errors="0" timestamp="2025-07-14T12:00:27 PKT">
  <testcase classname="automation.selenium.E2E_Selenium_Java_Framework.TestFromExcelSheet" name="loginTest" time="0.008"/>
  <testcase classname="automation.selenium.E2E_Selenium_Java_Framework.TestFromExcelSheet" name="loginTest" time="0.002"/>
</testsuite> <!-- Default test -->
