<?xml version="1.0" encoding="UTF-8"?>
<!-- Generated by org.testng.reporters.JUnitXMLReporter -->
<testsuite ignored="0" hostname="DESKTOP-9LN3PKI" failures="1" tests="1" name="Default test" time="0.575" errors="0" timestamp="2025-07-13T19:42:58 PKT">
  <testcase classname="io.cucumber.testng.AbstractTestNGCucumberTests" name="runScenario" time="0.094">
    <failure type="io.cucumber.testng.UndefinedStepException" message="The step &amp;apos;The user is on the landing page&amp;apos; and 2 other step(s) are undefined.
You can implement these steps using the snippet(s) below:

@Given(&amp;quot;The user is on the landing page&amp;quot;)
public void the_user_is_on_the_landing_page() {
    // Write code here that turns the phrase above into concrete actions
    throw new io.cucumber.java.PendingException();
}
@When(&amp;quot;Logged in with the username {string} and password {string}&amp;quot;)
public void logged_in_with_the_username_and_password(String string, String string2) {
    // Write code here that turns the phrase above into concrete actions
    throw new io.cucumber.java.PendingException();
}
@Then(&amp;quot;Success message {string} should appear after login&amp;quot;)
public void success_message_should_appear_after_login(String string) {
    // Write code here that turns the phrase above into concrete actions
    throw new io.cucumber.java.PendingException();
}
">
      <![CDATA[io.cucumber.testng.UndefinedStepException: The step 'The user is on the landing page' and 2 other step(s) are undefined.
You can implement these steps using the snippet(s) below:

@Given("The user is on the landing page")
public void the_user_is_on_the_landing_page() {
    // Write code here that turns the phrase above into concrete actions
    throw new io.cucumber.java.PendingException();
}
@When("Logged in with the username {string} and password {string}")
public void logged_in_with_the_username_and_password(String string, String string2) {
    // Write code here that turns the phrase above into concrete actions
    throw new io.cucumber.java.PendingException();
}
@Then("Success message {string} should appear after login")
public void success_message_should_appear_after_login(String string) {
    // Write code here that turns the phrase above into concrete actions
    throw new io.cucumber.java.PendingException();
}

at ✽.The user is on the landing page(file:///C:/Users/HP/eclipse-workspace/automationArchFramework/E2E_Selenium_Java_Framework/src/test/java/cucumber/LoginIntoApplication.feature:6)
]]>
    </failure>
  </testcase> <!-- runScenario -->
</testsuite> <!-- Default test -->
