<?xml version="1.0" encoding="UTF-8"?>
<!-- Generated by org.testng.reporters.JUnitXMLReporter -->
<testsuite ignored="0" hostname="DESKTOP-9LN3PKI" failures="0" tests="3" name="Test" time="22.111" errors="0" timestamp="2025-07-11T22:24:35 PKT">
  <testcase classname="automation.selenium.E2E_Selenium_Java_Framework.purchaseOrderTest" name="loginTest" time="9.572"/>
  <testcase classname="AbstractComponents.ErrorValidation" name="loginMessageValidation" time="0.983"/>
  <testcase classname="AbstractComponents.ErrorValidation" name="validateError" time="0.87"/>
</testsuite> <!-- Test -->
