<?xml version="1.0" encoding="UTF-8"?>
<!-- Generated by org.testng.reporters.JUnitXMLReporter -->
<testsuite ignored="1" hostname="DESKTOP-9LN3PKI" failures="0" tests="1" name="Validation Error" time="4.356" errors="0" timestamp="2025-07-13T12:46:43 PKT">
  <testcase classname="automation.selenium.E2E_Selenium_Java_Framework.ErrorValidation" name="validateError" time="0.755"/>
  <testcase classname="automation.selenium.E2E_Selenium_Java_Framework.ErrorValidation" name="loginMessageValidation" time="0.0">
    <ignored/>
  </testcase> <!-- loginMessageValidation -->
</testsuite> <!-- Validation Error -->
