<?xml version="1.0" encoding="UTF-8"?>
<testng-results ignored="0" total="2" passed="2" failed="0" skipped="0">
  <reporter-output>
  </reporter-output>
  <suite started-at="2025-07-14T12:00:27 PKT" name="Default suite" finished-at="2025-07-14T12:00:27 PKT" duration-ms="664">
    <groups>
    </groups>
    <test started-at="2025-07-14T12:00:27 PKT" name="Default test" finished-at="2025-07-14T12:00:27 PKT" duration-ms="664">
      <class name="automation.selenium.E2E_Selenium_Java_Framework.TestFromExcelSheet">
        <test-method signature="loginTest(java.util.HashMap)[pri:0, instance:automation.selenium.E2E_Selenium_Java_Framework.TestFromExcelSheet@4802796d]" started-at="2025-07-14T12:00:27 PKT" name="loginTest" data-provider="loginData" finished-at="2025-07-14T12:00:27 PKT" duration-ms="8" status="PASS">
          <params>
            <param index="0">
              <value>
                <![CDATA[{name=ishaq afridi, password=test123, role=MD}]]>
              </value>
            </param>
          </params>
          <reporter-output>
          </reporter-output>
        </test-method> <!-- loginTest -->
        <test-method signature="loginTest(java.util.HashMap)[pri:0, instance:automation.selenium.E2E_Selenium_Java_Framework.TestFromExcelSheet@4802796d]" started-at="2025-07-14T12:00:27 PKT" name="loginTest" data-provider="loginData" finished-at="2025-07-14T12:00:27 PKT" duration-ms="2" status="PASS">
          <params>
            <param index="0">
              <value>
                <![CDATA[{name=ishfaq, password=as123, role=AM}]]>
              </value>
            </param>
          </params>
          <reporter-output>
          </reporter-output>
        </test-method> <!-- loginTest -->
      </class> <!-- automation.selenium.E2E_Selenium_Java_Framework.TestFromExcelSheet -->
    </test> <!-- Default test -->
  </suite> <!-- Default suite -->
</testng-results>
