<?xml version="1.0" encoding="UTF-8"?>
<testng-results ignored="0" total="1" passed="1" failed="0" skipped="0">
  <reporter-output>
  </reporter-output>
  <suite started-at="2025-07-13T20:44:40 PKT" name="CucumberSuite" finished-at="2025-07-13T20:44:46 PKT" duration-ms="5670">
    <groups>
      <group name="cucumber">
        <method signature="AbstractTestNGCucumberTests.runScenario(io.cucumber.testng.PickleWrapper,io.cucumber.testng.FeatureWrapper)[pri:0, instance:cucumber.TestNGTestRunner@815b41f]" name="runScenario" class="io.cucumber.testng.AbstractTestNGCucumberTests"/>
      </group> <!-- cucumber -->
    </groups>
    <test started-at="2025-07-13T20:44:40 PKT" name="RunTests" finished-at="2025-07-13T20:44:46 PKT" duration-ms="5645">
      <class name="cucumber.TestNGTestRunner">
        <test-method is-config="true" signature="setUpClass(org.testng.ITestContext)[pri:0, instance:cucumber.TestNGTestRunner@815b41f]" started-at="2025-07-13T20:44:40 PKT" name="setUpClass" finished-at="2025-07-13T20:44:41 PKT" duration-ms="541" status="PASS">
          <params>
            <param index="0">
              <value>
                <![CDATA[org.testng.TestRunner@3bfae028]]>
              </value>
            </param>
          </params>
          <reporter-output>
          </reporter-output>
        </test-method> <!-- setUpClass -->
        <test-method signature="runScenario(io.cucumber.testng.PickleWrapper,io.cucumber.testng.FeatureWrapper)[pri:0, instance:cucumber.TestNGTestRunner@815b41f]" started-at="2025-07-13T20:44:41 PKT" name="runScenario" description="Runs Cucumber Scenarios" data-provider="scenarios" finished-at="2025-07-13T20:44:46 PKT" duration-ms="5031" status="PASS">
          <params>
            <param index="0">
              <value>
                <![CDATA["Positive test of login"]]>
              </value>
            </param>
            <param index="1">
              <value>
                <![CDATA["Login into the Ecommerce Application"]]>
              </value>
            </param>
          </params>
          <reporter-output>
          </reporter-output>
        </test-method> <!-- runScenario -->
        <test-method is-config="true" signature="tearDownClass()[pri:0, instance:cucumber.TestNGTestRunner@815b41f]" started-at="2025-07-13T20:44:46 PKT" name="tearDownClass" finished-at="2025-07-13T20:44:46 PKT" duration-ms="37" status="PASS">
          <reporter-output>
          </reporter-output>
        </test-method> <!-- tearDownClass -->
      </class> <!-- cucumber.TestNGTestRunner -->
    </test> <!-- RunTests -->
    <test started-at="2025-07-13T20:44:46 PKT" name="GenerateReport" finished-at="2025-07-13T20:44:46 PKT" duration-ms="1">
      <class name="cucumber.ReportRunner">
        <test-method is-config="true" signature="generateCucumberReport()[pri:0, instance:cucumber.ReportRunner@41a2befb]" started-at="2025-07-13T20:44:46 PKT" name="generateCucumberReport" finished-at="2025-07-13T20:44:47 PKT" duration-ms="871" status="PASS">
          <reporter-output>
          </reporter-output>
        </test-method> <!-- generateCucumberReport -->
      </class> <!-- cucumber.ReportRunner -->
    </test> <!-- GenerateReport -->
  </suite> <!-- CucumberSuite -->
</testng-results>
