<?xml version="1.0" encoding="UTF-8"?>
<!-- Generated by org.testng.reporters.JUnitXMLReporter -->
<testsuite ignored="1" hostname="DESKTOP-9LN3PKI" failures="0" tests="1" name="Validation Error(failed)" time="4.373" errors="0" timestamp="2025-07-13T13:01:10 PKT">
  <testcase classname="automation.selenium.E2E_Selenium_Java_Framework.ErrorValidation" name="validateError" time="0.758"/>
  <testcase classname="automation.selenium.E2E_Selenium_Java_Framework.ErrorValidation" name="loginMessageValidation" time="0.0">
    <ignored/>
  </testcase> <!-- loginMessageValidation -->
</testsuite> <!-- Validation Error(failed) -->
